[ 2016-12-06T21:05:42+08:00 ] ::1 /myblog/
INFO: [ app_init ] --START--
INFO: Run Behavior\BuildLiteBehavior [ RunTime:0.000140s ]
INFO: [ app_init ] --END-- [ RunTime:0.001770s ]
INFO: [ app_begin ] --START--
INFO: Run Behavior\ReadHtmlCacheBehavior [ RunTime:0.001303s ]
INFO: [ app_begin ] --END-- [ RunTime:0.002283s ]
ERR: 模板不存在:./Template/Home/default/Index/index.html

[ 2016-12-06T21:06:06+08:00 ] ::1 /myblog/
INFO: [ app_init ] --START--
INFO: Run Behavior\BuildLiteBehavior [ RunTime:0.000341s ]
INFO: [ app_init ] --END-- [ RunTime:0.002778s ]
INFO: [ app_begin ] --START--
INFO: Run Behavior\ReadHtmlCacheBehavior [ RunTime:0.001690s ]
INFO: [ app_begin ] --END-- [ RunTime:0.003035s ]
ERR: 模板不存在:./Template/Home/default/Index/index.html

[ 2016-12-06T21:06:08+08:00 ] ::1 /myblog/
INFO: [ app_init ] --START--
INFO: Run Behavior\BuildLiteBehavior [ RunTime:0.000248s ]
INFO: [ app_init ] --END-- [ RunTime:0.002289s ]
INFO: [ app_begin ] --START--
INFO: Run Behavior\ReadHtmlCacheBehavior [ RunTime:0.001441s ]
INFO: [ app_begin ] --END-- [ RunTime:0.002730s ]
ERR: 模板不存在:./Template/Home/default/Index/index.html

[ 2016-12-06T21:06:09+08:00 ] ::1 /myblog/
INFO: [ app_init ] --START--
INFO: Run Behavior\BuildLiteBehavior [ RunTime:0.000255s ]
INFO: [ app_init ] --END-- [ RunTime:0.002165s ]
INFO: [ app_begin ] --START--
INFO: Run Behavior\ReadHtmlCacheBehavior [ RunTime:0.002382s ]
INFO: [ app_begin ] --END-- [ RunTime:0.004238s ]
ERR: 模板不存在:./Template/Home/default/Index/index.html

[ 2016-12-06T21:06:09+08:00 ] ::1 /myblog/
INFO: [ app_init ] --START--
INFO: Run Behavior\BuildLiteBehavior [ RunTime:0.000247s ]
INFO: [ app_init ] --END-- [ RunTime:0.002267s ]
INFO: [ app_begin ] --START--
INFO: Run Behavior\ReadHtmlCacheBehavior [ RunTime:0.001613s ]
INFO: [ app_begin ] --END-- [ RunTime:0.003113s ]
ERR: 模板不存在:./Template/Home/default/Index/index.html

[ 2016-12-06T21:06:09+08:00 ] ::1 /myblog/
INFO: [ app_init ] --START--
INFO: Run Behavior\BuildLiteBehavior [ RunTime:0.000254s ]
INFO: [ app_init ] --END-- [ RunTime:0.002225s ]
INFO: [ app_begin ] --START--
INFO: Run Behavior\ReadHtmlCacheBehavior [ RunTime:0.001518s ]
INFO: [ app_begin ] --END-- [ RunTime:0.002832s ]
ERR: 模板不存在:./Template/Home/default/Index/index.html

[ 2016-12-06T21:06:29+08:00 ] ::1 /myblog/
INFO: [ app_init ] --START--
INFO: Run Behavior\BuildLiteBehavior [ RunTime:0.000433s ]
INFO: [ app_init ] --END-- [ RunTime:0.003794s ]
INFO: [ app_begin ] --START--
INFO: Run Behavior\ReadHtmlCacheBehavior [ RunTime:0.001619s ]
INFO: [ app_begin ] --END-- [ RunTime:0.003490s ]
ERR: 模板不存在:./Template/Home/default/Index/index.html

[ 2016-12-06T21:06:30+08:00 ] ::1 /myblog/
INFO: [ app_init ] --START--
INFO: Run Behavior\BuildLiteBehavior [ RunTime:0.000304s ]
INFO: [ app_init ] --END-- [ RunTime:0.003083s ]
INFO: [ app_begin ] --START--
INFO: Run Behavior\ReadHtmlCacheBehavior [ RunTime:0.001590s ]
INFO: [ app_begin ] --END-- [ RunTime:0.002992s ]
ERR: 模板不存在:./Template/Home/default/Index/index.html

[ 2016-12-06T21:06:30+08:00 ] ::1 /myblog/
INFO: [ app_init ] --START--
INFO: Run Behavior\BuildLiteBehavior [ RunTime:0.000438s ]
INFO: [ app_init ] --END-- [ RunTime:0.003577s ]
INFO: [ app_begin ] --START--
INFO: Run Behavior\ReadHtmlCacheBehavior [ RunTime:0.001450s ]
INFO: [ app_begin ] --END-- [ RunTime:0.002734s ]
ERR: 模板不存在:./Template/Home/default/Index/index.html

[ 2016-12-06T21:06:30+08:00 ] ::1 /myblog/
INFO: [ app_init ] --START--
INFO: Run Behavior\BuildLiteBehavior [ RunTime:0.000268s ]
INFO: [ app_init ] --END-- [ RunTime:0.002136s ]
INFO: [ app_begin ] --START--
INFO: Run Behavior\ReadHtmlCacheBehavior [ RunTime:0.001607s ]
INFO: [ app_begin ] --END-- [ RunTime:0.002953s ]
ERR: 模板不存在:./Template/Home/default/Index/index.html

[ 2016-12-06T21:06:31+08:00 ] ::1 /myblog/
INFO: [ app_init ] --START--
INFO: Run Behavior\BuildLiteBehavior [ RunTime:0.000268s ]
INFO: [ app_init ] --END-- [ RunTime:0.002174s ]
INFO: [ app_begin ] --START--
INFO: Run Behavior\ReadHtmlCacheBehavior [ RunTime:0.001472s ]
INFO: [ app_begin ] --END-- [ RunTime:0.002904s ]
ERR: 模板不存在:./Template/Home/default/Index/index.html

[ 2016-12-06T21:06:31+08:00 ] ::1 /myblog/
INFO: [ app_init ] --START--
INFO: Run Behavior\BuildLiteBehavior [ RunTime:0.000247s ]
INFO: [ app_init ] --END-- [ RunTime:0.002185s ]
INFO: [ app_begin ] --START--
INFO: Run Behavior\ReadHtmlCacheBehavior [ RunTime:0.001519s ]
INFO: [ app_begin ] --END-- [ RunTime:0.002919s ]
ERR: 模板不存在:./Template/Home/default/Index/index.html

[ 2016-12-06T21:06:31+08:00 ] ::1 /myblog/
INFO: [ app_init ] --START--
INFO: Run Behavior\BuildLiteBehavior [ RunTime:0.000424s ]
INFO: [ app_init ] --END-- [ RunTime:0.002608s ]
INFO: [ app_begin ] --START--
INFO: Run Behavior\ReadHtmlCacheBehavior [ RunTime:0.001426s ]
INFO: [ app_begin ] --END-- [ RunTime:0.002826s ]
ERR: 模板不存在:./Template/Home/default/Index/index.html

[ 2016-12-06T21:06:31+08:00 ] ::1 /myblog/
INFO: [ app_init ] --START--
INFO: Run Behavior\BuildLiteBehavior [ RunTime:0.000244s ]
INFO: [ app_init ] --END-- [ RunTime:0.002237s ]
INFO: [ app_begin ] --START--
INFO: Run Behavior\ReadHtmlCacheBehavior [ RunTime:0.001462s ]
INFO: [ app_begin ] --END-- [ RunTime:0.002870s ]
ERR: 模板不存在:./Template/Home/default/Index/index.html

[ 2016-12-06T21:06:31+08:00 ] ::1 /myblog/
INFO: [ app_init ] --START--
INFO: Run Behavior\BuildLiteBehavior [ RunTime:0.000297s ]
INFO: [ app_init ] --END-- [ RunTime:0.002212s ]
INFO: [ app_begin ] --START--
INFO: Run Behavior\ReadHtmlCacheBehavior [ RunTime:0.001450s ]
INFO: [ app_begin ] --END-- [ RunTime:0.002772s ]
ERR: 模板不存在:./Template/Home/default/Index/index.html

[ 2016-12-06T21:06:32+08:00 ] ::1 /myblog/
INFO: [ app_init ] --START--
INFO: Run Behavior\BuildLiteBehavior [ RunTime:0.000246s ]
INFO: [ app_init ] --END-- [ RunTime:0.002354s ]
INFO: [ app_begin ] --START--
INFO: Run Behavior\ReadHtmlCacheBehavior [ RunTime:0.001482s ]
INFO: [ app_begin ] --END-- [ RunTime:0.002775s ]
ERR: 模板不存在:./Template/Home/default/Index/index.html

[ 2016-12-06T21:06:32+08:00 ] ::1 /myblog/
INFO: [ app_init ] --START--
INFO: Run Behavior\BuildLiteBehavior [ RunTime:0.000308s ]
INFO: [ app_init ] --END-- [ RunTime:0.002269s ]
INFO: [ app_begin ] --START--
INFO: Run Behavior\ReadHtmlCacheBehavior [ RunTime:0.001560s ]
INFO: [ app_begin ] --END-- [ RunTime:0.003122s ]
ERR: 模板不存在:./Template/Home/default/Index/index.html

[ 2016-12-06T21:06:32+08:00 ] ::1 /myblog/
INFO: [ app_init ] --START--
INFO: Run Behavior\BuildLiteBehavior [ RunTime:0.000247s ]
INFO: [ app_init ] --END-- [ RunTime:0.002262s ]
INFO: [ app_begin ] --START--
INFO: Run Behavior\ReadHtmlCacheBehavior [ RunTime:0.001818s ]
INFO: [ app_begin ] --END-- [ RunTime:0.003353s ]
ERR: 模板不存在:./Template/Home/default/Index/index.html

[ 2016-12-06T21:06:32+08:00 ] ::1 /myblog/
INFO: [ app_init ] --START--
INFO: Run Behavior\BuildLiteBehavior [ RunTime:0.000250s ]
INFO: [ app_init ] --END-- [ RunTime:0.002384s ]
INFO: [ app_begin ] --START--
INFO: Run Behavior\ReadHtmlCacheBehavior [ RunTime:0.001531s ]
INFO: [ app_begin ] --END-- [ RunTime:0.002885s ]
ERR: 模板不存在:./Template/Home/default/Index/index.html

[ 2016-12-06T21:06:33+08:00 ] ::1 /myblog/
INFO: [ app_init ] --START--
INFO: Run Behavior\BuildLiteBehavior [ RunTime:0.000249s ]
INFO: [ app_init ] --END-- [ RunTime:0.002653s ]
INFO: [ app_begin ] --START--
INFO: Run Behavior\ReadHtmlCacheBehavior [ RunTime:0.001498s ]
INFO: [ app_begin ] --END-- [ RunTime:0.003155s ]
ERR: 模板不存在:./Template/Home/default/Index/index.html

[ 2016-12-06T21:06:33+08:00 ] ::1 /myblog/
INFO: [ app_init ] --START--
INFO: Run Behavior\BuildLiteBehavior [ RunTime:0.000242s ]
INFO: [ app_init ] --END-- [ RunTime:0.002160s ]
INFO: [ app_begin ] --START--
INFO: Run Behavior\ReadHtmlCacheBehavior [ RunTime:0.001406s ]
INFO: [ app_begin ] --END-- [ RunTime:0.002729s ]
ERR: 模板不存在:./Template/Home/default/Index/index.html

[ 2016-12-06T21:06:36+08:00 ] ::1 /myblog/
INFO: [ app_init ] --START--
INFO: Run Behavior\BuildLiteBehavior [ RunTime:0.000248s ]
INFO: [ app_init ] --END-- [ RunTime:0.002355s ]
INFO: [ app_begin ] --START--
INFO: Run Behavior\ReadHtmlCacheBehavior [ RunTime:0.001444s ]
INFO: [ app_begin ] --END-- [ RunTime:0.002769s ]
ERR: 模板不存在:./Template/Home/default/Index/index.html

[ 2016-12-06T21:07:20+08:00 ] ::1 /myblog/
INFO: [ app_init ] --START--
INFO: Run Behavior\BuildLiteBehavior [ RunTime:0.000281s ]
INFO: [ app_init ] --END-- [ RunTime:0.002259s ]
INFO: [ app_begin ] --START--
INFO: Run Behavior\ReadHtmlCacheBehavior [ RunTime:0.001579s ]
INFO: [ app_begin ] --END-- [ RunTime:0.002925s ]
ERR: 模板不存在:./Application/Home/View/default/Index/index.html

[ 2016-12-06T21:08:26+08:00 ] ::1 /myblog/
INFO: [ app_init ] --START--
INFO: Run Behavior\BuildLiteBehavior [ RunTime:0.000264s ]
INFO: [ app_init ] --END-- [ RunTime:0.002377s ]
INFO: [ app_begin ] --START--
INFO: Run Behavior\ReadHtmlCacheBehavior [ RunTime:0.001461s ]
INFO: [ app_begin ] --END-- [ RunTime:0.002742s ]
ERR: 模板不存在:./Application/Home/View/default/Index/index.html

[ 2016-12-06T21:08:46+08:00 ] ::1 /myblog/
INFO: [ app_init ] --START--
INFO: Run Behavior\BuildLiteBehavior [ RunTime:0.000246s ]
INFO: [ app_init ] --END-- [ RunTime:0.002346s ]
INFO: [ app_begin ] --START--
INFO: Run Behavior\ReadHtmlCacheBehavior [ RunTime:0.001591s ]
INFO: [ app_begin ] --END-- [ RunTime:0.002940s ]
ERR: 模板不存在:./Application/Home/View/default/Index/index.html

[ 2016-12-06T21:08:47+08:00 ] ::1 /myblog/
INFO: [ app_init ] --START--
INFO: Run Behavior\BuildLiteBehavior [ RunTime:0.000250s ]
INFO: [ app_init ] --END-- [ RunTime:0.002232s ]
INFO: [ app_begin ] --START--
INFO: Run Behavior\ReadHtmlCacheBehavior [ RunTime:0.001465s ]
INFO: [ app_begin ] --END-- [ RunTime:0.002763s ]
ERR: 模板不存在:./Application/Home/View/default/Index/index.html

[ 2016-12-06T21:08:47+08:00 ] ::1 /myblog/
INFO: [ app_init ] --START--
INFO: Run Behavior\BuildLiteBehavior [ RunTime:0.000266s ]
INFO: [ app_init ] --END-- [ RunTime:0.002458s ]
INFO: [ app_begin ] --START--
INFO: Run Behavior\ReadHtmlCacheBehavior [ RunTime:0.001531s ]
INFO: [ app_begin ] --END-- [ RunTime:0.002840s ]
ERR: 模板不存在:./Application/Home/View/default/Index/index.html

[ 2016-12-06T21:08:47+08:00 ] ::1 /myblog/
INFO: [ app_init ] --START--
INFO: Run Behavior\BuildLiteBehavior [ RunTime:0.000276s ]
INFO: [ app_init ] --END-- [ RunTime:0.002337s ]
INFO: [ app_begin ] --START--
INFO: Run Behavior\ReadHtmlCacheBehavior [ RunTime:0.001528s ]
INFO: [ app_begin ] --END-- [ RunTime:0.003304s ]
ERR: 模板不存在:./Application/Home/View/default/Index/index.html

[ 2016-12-06T21:08:47+08:00 ] ::1 /myblog/
INFO: [ app_init ] --START--
INFO: Run Behavior\BuildLiteBehavior [ RunTime:0.000248s ]
INFO: [ app_init ] --END-- [ RunTime:0.002192s ]
INFO: [ app_begin ] --START--
INFO: Run Behavior\ReadHtmlCacheBehavior [ RunTime:0.001551s ]
INFO: [ app_begin ] --END-- [ RunTime:0.002904s ]
ERR: 模板不存在:./Application/Home/View/default/Index/index.html

[ 2016-12-06T21:09:17+08:00 ] ::1 /myblog/
INFO: [ app_init ] --START--
INFO: Run Behavior\BuildLiteBehavior [ RunTime:0.000367s ]
INFO: [ app_init ] --END-- [ RunTime:0.002362s ]
INFO: [ app_begin ] --START--
INFO: Run Behavior\ReadHtmlCacheBehavior [ RunTime:0.001832s ]
INFO: [ app_begin ] --END-- [ RunTime:0.003168s ]
ERR: 模板不存在:./Application/Home/View/default/Index/index.html

[ 2016-12-06T21:09:19+08:00 ] ::1 /myblog/
INFO: [ app_init ] --START--
INFO: Run Behavior\BuildLiteBehavior [ RunTime:0.000270s ]
INFO: [ app_init ] --END-- [ RunTime:0.002329s ]
INFO: [ app_begin ] --START--
INFO: Run Behavior\ReadHtmlCacheBehavior [ RunTime:0.001637s ]
INFO: [ app_begin ] --END-- [ RunTime:0.002965s ]
ERR: 模板不存在:./Application/Home/View/default/Index/index.html

[ 2016-12-06T21:09:55+08:00 ] ::1 /myblog/
INFO: [ app_init ] --START--
INFO: Run Behavior\BuildLiteBehavior [ RunTime:0.000271s ]
INFO: [ app_init ] --END-- [ RunTime:0.002552s ]
INFO: [ app_begin ] --START--
INFO: Run Behavior\ReadHtmlCacheBehavior [ RunTime:0.001452s ]
INFO: [ app_begin ] --END-- [ RunTime:0.002766s ]
INFO: [ view_parse ] --START--
NOTIC: [2] file_get_contents(Public/head.html) [<a href='function.file-get-contents'>function.file-get-contents</a>]: failed to open stream: No such file or directory E:\WWW\MyBlog\ThinkPHP\Library\Think\Template.class.php 第 696 行.
NOTIC: [2] file_get_contents(Public/header.html) [<a href='function.file-get-contents'>function.file-get-contents</a>]: failed to open stream: No such file or directory E:\WWW\MyBlog\ThinkPHP\Library\Think\Template.class.php 第 696 行.
INFO: [ template_filter ] --START--
INFO: Run Behavior\ContentReplaceBehavior [ RunTime:0.000840s ]
INFO: [ template_filter ] --END-- [ RunTime:0.002167s ]
INFO: Run Behavior\ParseTemplateBehavior [ RunTime:0.029915s ]
INFO: [ view_parse ] --END-- [ RunTime:0.031252s ]
INFO: [ view_filter ] --START--
INFO: Run Behavior\WriteHtmlCacheBehavior [ RunTime:0.001422s ]
INFO: [ view_filter ] --END-- [ RunTime:0.002863s ]
INFO: [ app_end ] --START--
INFO: Run Behavior\ShowPageTraceBehavior [ RunTime:0.003606s ]
INFO: [ app_end ] --END-- [ RunTime:0.006116s ]

[ 2016-12-06T21:21:36+08:00 ] ::1 /myblog/
INFO: [ app_init ] --START--
INFO: Run Behavior\BuildLiteBehavior [ RunTime:0.000297s ]
INFO: [ app_init ] --END-- [ RunTime:0.002453s ]
INFO: [ app_begin ] --START--
INFO: Run Behavior\ReadHtmlCacheBehavior [ RunTime:0.001669s ]
INFO: [ app_begin ] --END-- [ RunTime:0.002994s ]
INFO: [ view_parse ] --START--
INFO: [ template_filter ] --START--
INFO: Run Behavior\ContentReplaceBehavior [ RunTime:0.000857s ]
INFO: [ template_filter ] --END-- [ RunTime:0.002416s ]
INFO: Run Behavior\ParseTemplateBehavior [ RunTime:0.027720s ]
INFO: [ view_parse ] --END-- [ RunTime:0.029129s ]
INFO: [ view_filter ] --START--
INFO: Run Behavior\WriteHtmlCacheBehavior [ RunTime:0.001308s ]
INFO: [ view_filter ] --END-- [ RunTime:0.002788s ]
INFO: [ app_end ] --START--
INFO: Run Behavior\ShowPageTraceBehavior [ RunTime:0.002418s ]
INFO: [ app_end ] --END-- [ RunTime:0.004281s ]

